<?xml version="1.0" encoding="UTF-8"?>
<!-- Generated by org.testng.reporters.JUnitReportReporter -->
<testsuite skipped="0" hostname="LAPTOP-FKBC315K" name="Login" tests="1" failures="0" timestamp="2021-09-13T11:55:58 IST" time="8.949" errors="0">
  <testcase name="launchBrowser" time="8.949" classname="Login"/>
  <system-out/>
</testsuite> <!-- Login -->
